<?xml version="1.0" encoding="utf-8"?><testsuites name="pytest tests"><testsuite name="pytest" errors="0" failures="0" skipped="0" tests="7" time="17.288" timestamp="2026-09-03T17:52:48.383639+00:00" hostname="agent-env-1acc03c7-b948-45f2-bdc6-c2c36a3cbc26"><testcase classname="backend.tests.test_new_features" name="test_parse_transaction_basic" time="7.866" /><testcase classname="backend.tests.test_new_features" name="test_parse_transaction_empty" time="0.186" /><testcase classname="backend.tests.test_new_features" name="test_parse_transaction_unauth" time="0.188" /><testcase classname="backend.tests.test_new_features" name="test_weekly_recap_fetch_and_refresh" time="4.621" /><testcase classname="backend.tests.test_new_features" name="test_networth_history" time="0.171" /><testcase classname="backend.tests.test_new_features" name="test_complete_onboarding_flow" time="0.637" /><testcase classname="backend.tests.test_new_features" name="test_scan_receipt_items" time="3.343" /></testsuite></testsuites>