<?xml version="1.0" encoding="utf-8"?><testsuites name="pytest tests"><testsuite name="pytest" errors="0" failures="0" skipped="0" tests="13" time="18.233" timestamp="2026-09-03T16:27:54.106606+00:00" hostname="agent-env-1acc03c7-b948-45f2-bdc6-c2c36a3cbc26"><testcase classname="backend.tests.backend_test" name="test_me_unauthenticated" time="2.562" /><testcase classname="backend.tests.backend_test" name="test_me_authenticated" time="0.242" /><testcase classname="backend.tests.backend_test" name="test_wallets_list" time="0.868" /><testcase classname="backend.tests.backend_test" name="test_wallet_update" time="0.156" /><testcase classname="backend.tests.backend_test" name="test_expense_decreases_balance" time="0.840" /><testcase classname="backend.tests.backend_test" name="test_income_increases_balance" time="0.852" /><testcase classname="backend.tests.backend_test" name="test_transfer_moves_balance" time="0.760" /><testcase classname="backend.tests.backend_test" name="test_budget_create_and_get" time="0.412" /><testcase classname="backend.tests.backend_test" name="test_goals_flow" time="0.562" /><testcase classname="backend.tests.backend_test" name="test_dashboard" time="0.139" /><testcase classname="backend.tests.backend_test" name="test_analytics" time="0.174" /><testcase classname="backend.tests.backend_test" name="test_ai_chat_stream_and_history" time="6.785" /><testcase classname="backend.tests.backend_test" name="test_ai_scan_receipt" time="3.656" /></testsuite></testsuites>