<?xml version="1.0" encoding="utf-8"?><testsuites name="pytest tests"><testsuite name="pytest" errors="0" failures="0" skipped="0" tests="14" time="9.639" timestamp="2026-09-03T22:31:45.050028+00:00" hostname="agent-env-1acc03c7-b948-45f2-bdc6-c2c36a3cbc26"><testcase classname="backend.tests.test_round3.TestHouseholdShape" name="test_get_household_admin" time="0.753" /><testcase classname="backend.tests.test_round3.TestHouseholdShape" name="test_get_household_partner" time="0.198" /><testcase classname="backend.tests.test_round3.TestHouseholdShape" name="test_dashboard_shared_shape" time="0.220" /><testcase classname="backend.tests.test_round3.TestHouseholdShape" name="test_invite_forbidden_for_partner" time="0.214" /><testcase classname="backend.tests.test_round3.TestHouseholdShape" name="test_invite_rejected_when_full" time="0.238" /><testcase classname="backend.tests.test_round3.TestInviteJoinFlow" name="test_full_flow" time="1.854" /><testcase classname="backend.tests.test_round3.TestInviteJoinFlow" name="test_partner_cannot_remove_member" time="0.150" /><testcase classname="backend.tests.test_round3.TestMemberAttribution" name="test_partner_txn_has_member_id" time="1.030" /><testcase classname="backend.tests.test_round3.TestBills" name="test_bill_crud_and_pay" time="1.828" /><testcase classname="backend.tests.test_round3.TestBills" name="test_once_bill_marks_paid" time="0.833" /><testcase classname="backend.tests.test_round3.TestCsv" name="test_export_returns_csv" time="0.113" /><testcase classname="backend.tests.test_round3.TestCsv" name="test_import_creates_txns_and_wallet" time="0.968" /><testcase classname="backend.tests.test_round3.TestCsv" name="test_import_rejects_non_csv" time="0.144" /><testcase classname="backend.tests.test_round3.TestRegression" name="test_wallets_budget_goals_networth" time="1.039" /></testsuite></testsuites>